[2023-06-21T22:23:57.399+0000] {manager.py:487} INFO - Processing files using up to 2 processes at a time 
[2023-06-21T22:23:57.407+0000] {manager.py:488} INFO - Process each file at most once every 10 seconds
[2023-06-21T22:23:57.408+0000] {manager.py:490} INFO - Checking for new files in /opt/airflow/dags every 300 seconds
[2023-06-21T22:23:57.408+0000] {manager.py:758} INFO - Searching for files in /opt/airflow/dags
[2023-06-21T22:23:57.415+0000] {manager.py:761} INFO - There are 0 files in /opt/airflow/dags
[2023-06-21T22:28:58.081+0000] {manager.py:758} INFO - Searching for files in /opt/airflow/dags
[2023-06-21T22:28:58.102+0000] {manager.py:761} INFO - There are 0 files in /opt/airflow/dags
[2023-06-21T22:35:26.610+0000] {manager.py:487} INFO - Processing files using up to 2 processes at a time 
[2023-06-21T22:35:26.612+0000] {manager.py:488} INFO - Process each file at most once every 10 seconds
[2023-06-21T22:35:26.616+0000] {manager.py:490} INFO - Checking for new files in /opt/airflow/dags every 300 seconds
[2023-06-21T22:35:26.620+0000] {manager.py:758} INFO - Searching for files in /opt/airflow/dags
[2023-06-21T22:35:26.634+0000] {manager.py:761} INFO - There are 0 files in /opt/airflow/dags
[2023-06-21T22:40:26.953+0000] {manager.py:758} INFO - Searching for files in /opt/airflow/dags
[2023-06-21T22:40:26.965+0000] {manager.py:761} INFO - There are 0 files in /opt/airflow/dags
[2023-06-21T22:45:27.170+0000] {manager.py:758} INFO - Searching for files in /opt/airflow/dags
[2023-06-21T22:45:27.177+0000] {manager.py:761} INFO - There are 0 files in /opt/airflow/dags
[2023-06-21T22:50:37.120+0000] {manager.py:487} INFO - Processing files using up to 2 processes at a time 
[2023-06-21T22:50:37.131+0000] {manager.py:488} INFO - Process each file at most once every 10 seconds
[2023-06-21T22:50:37.158+0000] {manager.py:490} INFO - Checking for new files in /opt/airflow/dags every 300 seconds
[2023-06-21T22:50:37.159+0000] {manager.py:758} INFO - Searching for files in /opt/airflow/dags
[2023-06-21T22:50:37.187+0000] {manager.py:761} INFO - There are 0 files in /opt/airflow/dags
[2023-06-21T22:55:37.747+0000] {manager.py:758} INFO - Searching for files in /opt/airflow/dags
[2023-06-21T22:55:37.756+0000] {manager.py:761} INFO - There are 0 files in /opt/airflow/dags
[2023-06-21T23:24:09.894+0000] {manager.py:487} INFO - Processing files using up to 2 processes at a time 
[2023-06-21T23:24:09.895+0000] {manager.py:488} INFO - Process each file at most once every 10 seconds
[2023-06-21T23:24:09.896+0000] {manager.py:490} INFO - Checking for new files in /opt/airflow/dags every 300 seconds
[2023-06-21T23:24:09.898+0000] {manager.py:758} INFO - Searching for files in /opt/airflow/dags
[2023-06-21T23:24:09.913+0000] {manager.py:761} INFO - There are 0 files in /opt/airflow/dags
[2023-06-21T23:29:10.173+0000] {manager.py:758} INFO - Searching for files in /opt/airflow/dags
[2023-06-21T23:29:10.191+0000] {manager.py:761} INFO - There are 0 files in /opt/airflow/dags
[2023-06-21T23:34:10.346+0000] {manager.py:758} INFO - Searching for files in /opt/airflow/dags
[2023-06-21T23:34:10.358+0000] {manager.py:761} INFO - There are 0 files in /opt/airflow/dags
[2023-06-21T23:39:10.523+0000] {manager.py:758} INFO - Searching for files in /opt/airflow/dags
[2023-06-21T23:39:10.529+0000] {manager.py:761} INFO - There are 0 files in /opt/airflow/dags
[2023-06-21T23:44:10.674+0000] {manager.py:758} INFO - Searching for files in /opt/airflow/dags
[2023-06-21T23:44:10.680+0000] {manager.py:761} INFO - There are 0 files in /opt/airflow/dags
[2023-06-21T23:49:10.819+0000] {manager.py:758} INFO - Searching for files in /opt/airflow/dags
[2023-06-21T23:49:10.826+0000] {manager.py:761} INFO - There are 0 files in /opt/airflow/dags
[2023-06-21T23:54:10.949+0000] {manager.py:758} INFO - Searching for files in /opt/airflow/dags
[2023-06-21T23:54:10.958+0000] {manager.py:761} INFO - There are 0 files in /opt/airflow/dags
[2023-06-21T23:59:11.356+0000] {manager.py:758} INFO - Searching for files in /opt/airflow/dags
[2023-06-21T23:59:11.362+0000] {manager.py:761} INFO - There are 0 files in /opt/airflow/dags
[2023-06-22T00:04:11.537+0000] {manager.py:758} INFO - Searching for files in /opt/airflow/dags
[2023-06-22T00:04:11.543+0000] {manager.py:761} INFO - There are 0 files in /opt/airflow/dags
[2023-06-22T00:09:11.779+0000] {manager.py:758} INFO - Searching for files in /opt/airflow/dags
[2023-06-22T00:09:11.787+0000] {manager.py:761} INFO - There are 0 files in /opt/airflow/dags
[2023-06-22T00:14:11.993+0000] {manager.py:758} INFO - Searching for files in /opt/airflow/dags
[2023-06-22T00:14:12.000+0000] {manager.py:761} INFO - There are 0 files in /opt/airflow/dags
[2023-06-22T00:19:12.209+0000] {manager.py:758} INFO - Searching for files in /opt/airflow/dags
[2023-06-22T00:19:12.215+0000] {manager.py:761} INFO - There are 0 files in /opt/airflow/dags
[2023-06-22T00:24:12.513+0000] {manager.py:758} INFO - Searching for files in /opt/airflow/dags
[2023-06-22T00:24:12.521+0000] {manager.py:761} INFO - There are 0 files in /opt/airflow/dags
[2023-06-22T00:29:12.705+0000] {manager.py:758} INFO - Searching for files in /opt/airflow/dags
[2023-06-22T00:29:12.712+0000] {manager.py:761} INFO - There are 0 files in /opt/airflow/dags
[2023-06-22T00:34:12.855+0000] {manager.py:758} INFO - Searching for files in /opt/airflow/dags
[2023-06-22T00:34:12.861+0000] {manager.py:761} INFO - There are 0 files in /opt/airflow/dags
[2023-06-22T00:39:13.084+0000] {manager.py:758} INFO - Searching for files in /opt/airflow/dags
[2023-06-22T00:39:13.091+0000] {manager.py:761} INFO - There are 0 files in /opt/airflow/dags
[2023-06-22T00:44:13.340+0000] {manager.py:758} INFO - Searching for files in /opt/airflow/dags
[2023-06-22T00:44:13.346+0000] {manager.py:761} INFO - There are 0 files in /opt/airflow/dags
[2023-06-22T00:49:13.564+0000] {manager.py:758} INFO - Searching for files in /opt/airflow/dags
[2023-06-22T00:49:13.571+0000] {manager.py:761} INFO - There are 0 files in /opt/airflow/dags
[2023-06-22T00:54:13.827+0000] {manager.py:758} INFO - Searching for files in /opt/airflow/dags
[2023-06-22T00:54:13.836+0000] {manager.py:761} INFO - There are 0 files in /opt/airflow/dags
[2023-06-22T00:59:13.916+0000] {manager.py:758} INFO - Searching for files in /opt/airflow/dags
[2023-06-22T00:59:13.922+0000] {manager.py:761} INFO - There are 0 files in /opt/airflow/dags
[2023-06-22T01:04:14.085+0000] {manager.py:758} INFO - Searching for files in /opt/airflow/dags
[2023-06-22T01:04:14.093+0000] {manager.py:761} INFO - There are 0 files in /opt/airflow/dags
[2023-06-22T01:09:14.219+0000] {manager.py:758} INFO - Searching for files in /opt/airflow/dags
[2023-06-22T01:09:14.263+0000] {manager.py:761} INFO - There are 0 files in /opt/airflow/dags
[2023-06-22T01:14:14.332+0000] {manager.py:758} INFO - Searching for files in /opt/airflow/dags
[2023-06-22T01:14:14.340+0000] {manager.py:761} INFO - There are 0 files in /opt/airflow/dags
[2023-06-22T01:19:14.409+0000] {manager.py:758} INFO - Searching for files in /opt/airflow/dags
[2023-06-22T01:19:14.414+0000] {manager.py:761} INFO - There are 0 files in /opt/airflow/dags
[2023-06-22T01:24:14.516+0000] {manager.py:758} INFO - Searching for files in /opt/airflow/dags
[2023-06-22T01:24:14.522+0000] {manager.py:761} INFO - There are 0 files in /opt/airflow/dags
[2023-06-22T01:29:14.963+0000] {manager.py:758} INFO - Searching for files in /opt/airflow/dags
[2023-06-22T01:29:14.969+0000] {manager.py:761} INFO - There are 0 files in /opt/airflow/dags
[2023-06-22T01:34:15.204+0000] {manager.py:758} INFO - Searching for files in /opt/airflow/dags
[2023-06-22T01:34:15.211+0000] {manager.py:761} INFO - There are 0 files in /opt/airflow/dags
[2023-06-22T01:39:15.364+0000] {manager.py:758} INFO - Searching for files in /opt/airflow/dags
[2023-06-22T01:39:15.375+0000] {manager.py:761} INFO - There are 0 files in /opt/airflow/dags
[2023-06-22T01:44:15.552+0000] {manager.py:758} INFO - Searching for files in /opt/airflow/dags
[2023-06-22T01:44:15.557+0000] {manager.py:761} INFO - There are 0 files in /opt/airflow/dags
[2023-06-22T01:49:15.948+0000] {manager.py:758} INFO - Searching for files in /opt/airflow/dags
[2023-06-22T01:49:15.955+0000] {manager.py:761} INFO - There are 0 files in /opt/airflow/dags
[2023-06-22T01:54:16.073+0000] {manager.py:758} INFO - Searching for files in /opt/airflow/dags
[2023-06-22T01:54:16.079+0000] {manager.py:761} INFO - There are 0 files in /opt/airflow/dags
[2023-06-22T01:59:16.242+0000] {manager.py:758} INFO - Searching for files in /opt/airflow/dags
[2023-06-22T01:59:16.249+0000] {manager.py:761} INFO - There are 0 files in /opt/airflow/dags
[2023-06-22T02:04:16.360+0000] {manager.py:758} INFO - Searching for files in /opt/airflow/dags
[2023-06-22T02:04:16.366+0000] {manager.py:761} INFO - There are 0 files in /opt/airflow/dags
[2023-06-22T02:09:16.882+0000] {manager.py:758} INFO - Searching for files in /opt/airflow/dags
[2023-06-22T02:09:16.890+0000] {manager.py:761} INFO - There are 0 files in /opt/airflow/dags
[2023-06-22T02:14:17.031+0000] {manager.py:758} INFO - Searching for files in /opt/airflow/dags
[2023-06-22T02:14:17.046+0000] {manager.py:761} INFO - There are 0 files in /opt/airflow/dags
[2023-06-22T02:19:17.176+0000] {manager.py:758} INFO - Searching for files in /opt/airflow/dags
[2023-06-22T02:19:17.187+0000] {manager.py:761} INFO - There are 0 files in /opt/airflow/dags
[2023-06-22T02:24:17.280+0000] {manager.py:758} INFO - Searching for files in /opt/airflow/dags
[2023-06-22T02:24:17.289+0000] {manager.py:761} INFO - There are 0 files in /opt/airflow/dags
[2023-06-22T02:29:17.512+0000] {manager.py:758} INFO - Searching for files in /opt/airflow/dags
[2023-06-22T02:29:17.517+0000] {manager.py:761} INFO - There are 0 files in /opt/airflow/dags
[2023-06-22T02:34:17.668+0000] {manager.py:758} INFO - Searching for files in /opt/airflow/dags
[2023-06-22T02:34:17.674+0000] {manager.py:761} INFO - There are 0 files in /opt/airflow/dags
[2023-06-22T02:39:17.886+0000] {manager.py:758} INFO - Searching for files in /opt/airflow/dags
[2023-06-22T02:39:17.892+0000] {manager.py:761} INFO - There are 0 files in /opt/airflow/dags
[2023-06-22T02:44:18.028+0000] {manager.py:758} INFO - Searching for files in /opt/airflow/dags
[2023-06-22T02:44:18.036+0000] {manager.py:761} INFO - There are 0 files in /opt/airflow/dags
[2023-06-22T02:49:18.577+0000] {manager.py:758} INFO - Searching for files in /opt/airflow/dags
[2023-06-22T02:49:18.583+0000] {manager.py:761} INFO - There are 0 files in /opt/airflow/dags
